La génération a démarré 21/04/2018 11:15:20.
     1>Projet "C:\Users\Administrateur\Desktop\ddddd\CMatrice\CMatrice\CMatrice.vcxproj" sur le nœud 2 (Rebuild cible(s)).
     1>ClCompile:
         C:\Program Files (x86)\Microsoft Visual Studio 11.0\VC\bin\CL.exe /c /ZI /nologo /W3 /WX- /Od /Oy- /D WIN32 /D _DEBUG /D _CONSOLE /D _UNICODE /D UNICODE /Gm /EHsc /RTC1 /MDd /GS /fp:precise /Zc:wchar_t /Zc:forScope /Fo"Debug\\" /Fd"Debug\vc110.pdb" /Gd /TP /analyze- /errorReport:prompt Exception.cpp main.cpp Matrice.cpp
         Matrice.cpp
         main.cpp
     1>c:\users\administrateur\desktop\ddddd\cmatrice\cmatrice\matrice.cpp(409): warning C4018: '<' : incompatibilité signed/unsigned
                 c:\users\administrateur\desktop\ddddd\cmatrice\cmatrice\matrice.cpp(368) : lors de la compilation de la fonction membre 'void cmatrice::CMatrice<Type>::MATLireFichier(const char *)' de la classe modèle
                 with
                 [
                     Type=double
                 ]
                 c:\users\administrateur\desktop\ddddd\cmatrice\cmatrice\main.cpp(72) : voir la référence à l'instanciation de la fonction modèle 'void cmatrice::CMatrice<Type>::MATLireFichier(const char *)' en cours de compilation
                 with
                 [
                     Type=double
                 ]
                 c:\users\administrateur\desktop\ddddd\cmatrice\cmatrice\main.cpp(63) : voir la référence à l'instanciation de la classe modèle 'cmatrice::CMatrice<Type>' en cours de compilation
                 with
                 [
                     Type=double
                 ]
     1>c:\users\administrateur\desktop\ddddd\cmatrice\cmatrice\matrice.cpp(429): warning C4018: '<' : incompatibilité signed/unsigned
         Exception.cpp
         Génération de code en cours...
       Link:
         C:\Program Files (x86)\Microsoft Visual Studio 11.0\VC\bin\link.exe /ERRORREPORT:PROMPT /OUT:"C:\Users\Administrateur\Desktop\ddddd\CMatrice\Debug\CMatrice.exe" /INCREMENTAL /NOLOGO kernel32.lib user32.lib gdi32.lib winspool.lib comdlg32.lib advapi32.lib shell32.lib ole32.lib oleaut32.lib uuid.lib odbc32.lib odbccp32.lib /MANIFEST /MANIFESTUAC:"level='asInvoker' uiAccess='false'" /manifest:embed /DEBUG /PDB:"C:\Users\Administrateur\Desktop\ddddd\CMatrice\Debug\CMatrice.pdb" /SUBSYSTEM:CONSOLE /TLBID:1 /DYNAMICBASE /NXCOMPAT /IMPLIB:"C:\Users\Administrateur\Desktop\ddddd\CMatrice\Debug\CMatrice.lib" /MACHINE:X86 Debug\Exception.obj
         Debug\main.obj
         Debug\Matrice.obj
         CMatrice.vcxproj -> C:\Users\Administrateur\Desktop\ddddd\CMatrice\Debug\CMatrice.exe
     1>Génération du projet "C:\Users\Administrateur\Desktop\ddddd\CMatrice\CMatrice\CMatrice.vcxproj" terminée (Rebuild cible(s)).

La génération a réussi.

Temps écoulé 00:00:03.60
